-------------------------------------------------------------------------------
Test set: agl.enset.calcul.CalculMavenTest
-------------------------------------------------------------------------------
Tests run: 2, Failures: 1, Errors: 0, Skipped: 0, Time elapsed: 0.126 s <<< FAILURE! - in agl.enset.calcul.CalculMavenTest
testSomme(agl.enset.calcul.CalculMavenTest)  Time elapsed: 0.014 s  <<< FAILURE!
junit.framework.AssertionFailedError
	at agl.enset.calcul.CalculMavenTest.testSomme(CalculMavenTest.java:19)

